\BOOKMARK [0][-]{chapter.1}{Project Overview}{}% 1
\BOOKMARK [1][-]{subsection.1.0.1}{Introduction}{chapter.1}% 2
\BOOKMARK [2][-]{subsection.1.0.2}{Objectives}{subsection.1.0.1}% 3
\BOOKMARK [2][-]{subsection.1.0.3}{Setting}{subsection.1.0.1}% 4
\BOOKMARK [0][-]{chapter.2}{Game Philosophy}{}% 5
\BOOKMARK [1][-]{subsection.2.0.1}{Types of Games}{chapter.2}% 6
\BOOKMARK [0][-]{chapter.3}{Introduction to 3D Gaming }{}% 7
\BOOKMARK [1][-]{subsection.3.0.1}{Video Games}{chapter.3}% 8
\BOOKMARK [0][-]{chapter.4}{Front End}{}% 9
\BOOKMARK [1][-]{subsection.4.0.1}{Graphical User Interface}{chapter.4}% 10
\BOOKMARK [0][-]{chapter.5}{Control Mechanisms}{}% 11
\BOOKMARK [1][-]{subsection.5.0.1}{WASD Control Mechanismn }{chapter.5}% 12
\BOOKMARK [0][-]{chapter.6}{Software}{}% 13
\BOOKMARK [1][-]{subsection.6.0.1}{Development Tools}{chapter.6}% 14
\BOOKMARK [0][-]{chapter.7}{The Game}{}% 15
\BOOKMARK [1][-]{subsection.7.0.1}{In Game}{chapter.7}% 16
\BOOKMARK [0][-]{chapter.8}{Game Characters}{}% 17
\BOOKMARK [1][-]{subsection.8.0.1}{Models}{chapter.8}% 18
\BOOKMARK [2][-]{subsection.8.0.2}{Enemies/Targets}{subsection.8.0.1}% 19
\BOOKMARK [0][-]{chapter.9}{Level Design}{}% 20
\BOOKMARK [1][-]{subsection.9.0.1}{Art Direction}{chapter.9}% 21
\BOOKMARK [2][-]{subsection.9.0.2}{Difficulty}{subsection.9.0.1}% 22
\BOOKMARK [0][-]{chapter.10}{Reward System}{}% 23
\BOOKMARK [1][-]{subsection.10.0.1}{ Player Collectables}{chapter.10}% 24
\BOOKMARK [2][-]{subsection.10.0.2}{Power Ups }{subsection.10.0.1}% 25
\BOOKMARK [0][-]{chapter.11}{References}{}% 26
\BOOKMARK [1][-]{subsection.11.0.1}{Sources}{chapter.11}% 27
